<?xml version="1.0" encoding="UTF-8"?>
<testsuite name="TestSuite" time="0.018" tests="4" errors="0" skipped="2" failures="2">
  <properties>
[...]
</properties>
  <testcase name="SetUp" classname="ToolsQA.FrameWorkTest.MultiThreadBrowserTest" time="0.018">
    <failure type="java.lang.NullPointerException:">java.lang.NullPointerException: null
	at lib.Web.getDriver(Web.java:63)
	at ToolsQA.FrameWorkTest.MultiThreadBrowserTest.SetUp(MultiThreadBrowserTest.java:40)
</failure>
    <system-out><![CDATA[Deleted report folder from directory : E:\JavaProjects\FrameWorkTest\TestReport
Thread ID of OnStart is 1
Initiating Firefox with default profile
Thred ID of Test is 13
]]></system-out>
    <system-err><![CDATA[log4j:WARN No appenders could be found for logger (lib.Log).
log4j:WARN Please initialize the log4j system properly.
log4j:WARN See http://logging.apache.org/log4j/1.2/faq.html#noconfig for more info.
Sep 21, 2016 12:23:30 AM org.openqa.selenium.remote.ProtocolHandshake createSession
INFO: Attempting bi-dialect session, assuming Postel's Law holds true on the remote end
1474397612159	Marionette	INFO	Listening on port 2549
Sep 21, 2016 12:23:35 AM org.openqa.selenium.remote.ProtocolHandshake createSession
INFO: Detected dialect: W3C
]]></system-err>
  </testcase>
  <testcase name="Test001" classname="ToolsQA.FrameWorkTest.MultiThreadBrowserTest" time="0">
    <skipped/>
  </testcase>
  <testcase name="Test001" classname="ToolsQA.FrameWorkTest.MultiThreadBrowserTest" time="0">
    <skipped/>
    <system-out><![CDATA[This is on onTestSkipped
Initiating Firefox with default profile
]]></system-out>
    <system-err><![CDATA[Sep 21, 2016 12:23:37 AM org.openqa.selenium.remote.ProtocolHandshake createSession
INFO: Attempting bi-dialect session, assuming Postel's Law holds true on the remote end
1474397620917	Marionette	INFO	Listening on port 2600
JavaScript warning: https://normandy.cdn.mozilla.net/static/bundles/selfrepair-95933d583fb5820dda30.c39446e910f3.js, line 7: mutating the [[Prototype]] of an object will cause your code to run very slowly; instead create the object with the correct initial [[Prototype]] value using Object.create
JavaScript error: http://20tvni1sjxyh352kld2lslvc.wpengine.netdna-cdn.com/wp-content/plugins/revslider/public/assets/js/jquery.themepunch.revolution.min.js?rev=5.2.5.4, line 8: TypeError: a.data(...) is undefined
JavaScript error: http://20tvni1sjxyh352kld2lslvc.wpengine.netdna-cdn.com/wp-content/plugins/revslider/public/assets/js/jquery.themepunch.revolution.min.js?rev=5.2.5.4, line 8: TypeError: a.data(...) is undefined
Sep 21, 2016 12:23:44 AM org.openqa.selenium.remote.ProtocolHandshake createSession
INFO: Detected dialect: W3C
]]></system-err>
  </testcase>
  <testcase name="Test001" classname="ToolsQA.FrameWorkTest.MultiThreadBrowserTest" time="111.443">
    <failure message="Failed to decode response from marionette (WARNING: The server did not provide any stacktrace information)&#10;Command duration or timeout: 640 milliseconds&#10;Build info: version: &apos;unknown&apos;, revision: &apos;c7b525d&apos;, time: &apos;2016-09-01 14:57:44 -0700&apos;&#10;System info: host: &apos;Ninja&apos;, ip: &apos;192.168.1.3&apos;, os.name: &apos;Windows 10&apos;, os.arch: &apos;amd64&apos;, os.version: &apos;10.0&apos;, java.version: &apos;1.8.0_77&apos;&#10;Driver info: org.openqa.selenium.firefox.FirefoxDriver&#10;Capabilities [{rotatable=false, raisesAccessibilityExceptions=false, appBuildId=20160623154057, version=, platform=XP, proxy={}, command_id=1, specificationLevel=0, acceptSslCerts=false, browserVersion=47.0.1, platformVersion=10.0, XULappId={ec8030f7-c20a-464f-9b0e-13a3a9e97384}, browserName=Firefox, takesScreenshot=true, takesElementScreenshot=true, platformName=Windows_NT, device=desktop}]&#10;Session ID: 033ded7f-a717-4a59-add0-0deac4017502" type="org.openqa.selenium.WebDriverException">org.openqa.selenium.WebDriverException: Failed to decode response from marionette (WARNING: The server did not provide any stacktrace information)
Command duration or timeout: 640 milliseconds
Build info: version: 'unknown', revision: 'c7b525d', time: '2016-09-01 14:57:44 -0700'
System info: host: 'Ninja', ip: '192.168.1.3', os.name: 'Windows 10', os.arch: 'amd64', os.version: '10.0', java.version: '1.8.0_77'
Driver info: org.openqa.selenium.firefox.FirefoxDriver
Capabilities [{rotatable=false, raisesAccessibilityExceptions=false, appBuildId=20160623154057, version=, platform=XP, proxy={}, command_id=1, specificationLevel=0, acceptSslCerts=false, browserVersion=47.0.1, platformVersion=10.0, XULappId={ec8030f7-c20a-464f-9b0e-13a3a9e97384}, browserName=Firefox, takesScreenshot=true, takesElementScreenshot=true, platformName=Windows_NT, device=desktop}]
Session ID: 033ded7f-a717-4a59-add0-0deac4017502
	at sun.reflect.NativeConstructorAccessorImpl.newInstance0(Native Method)
	at sun.reflect.NativeConstructorAccessorImpl.newInstance(NativeConstructorAccessorImpl.java:62)
	at sun.reflect.DelegatingConstructorAccessorImpl.newInstance(DelegatingConstructorAccessorImpl.java:45)
	at java.lang.reflect.Constructor.newInstance(Constructor.java:423)
	at org.openqa.selenium.remote.ErrorHandler.createThrowable(ErrorHandler.java:206)
	at org.openqa.selenium.remote.ErrorHandler.throwIfResponseFailed(ErrorHandler.java:158)
	at org.openqa.selenium.remote.RemoteWebDriver.execute(RemoteWebDriver.java:631)
	at org.openqa.selenium.remote.RemoteWebDriver.execute(RemoteWebDriver.java:654)
	at org.openqa.selenium.remote.RemoteWebDriver$RemoteNavigation.refresh(RemoteWebDriver.java:906)
	at ToolsQA.FrameWorkTest.MultiThreadBrowserTest.Test001(MultiThreadBrowserTest.java:69)
</failure>
    <system-out><![CDATA[This is on onTestSkipped
]]></system-out>
    <system-err><![CDATA[JavaScript warning: https://normandy.cdn.mozilla.net/static/bundles/selfrepair-95933d583fb5820dda30.c39446e910f3.js, line 7: mutating the [[Prototype]] of an object will cause your code to run very slowly; instead create the object with the correct initial [[Prototype]] value using Object.create
[Child 12144] ###!!! ABORT: Aborting on channel error.: file c:/builds/moz2_slave/m-rel-w32-00000000000000000000/build/src/ipc/glue/MessageChannel.cpp, line 2027
]]></system-err>
  </testcase>
</testsuite>