<?xml version="1.0" encoding="UTF-8"?>
<testng-results skipped="2" failed="1" total="3" passed="0">
  <reporter-output>
  </reporter-output>
  <suite name="testsuite" duration-ms="130923" started-at="2016-09-21T00:23:25Z" finished-at="2016-09-21T00:25:36Z">
    <groups>
    </groups>
    <test name="MultipleBrowserTest" duration-ms="130923" started-at="2016-09-21T00:23:25Z" finished-at="2016-09-21T00:25:36Z">
      <class name="ToolsQA.FrameWorkTest.MultiThreadBrowserTest">
        <test-method status="PASS" signature="InitTest()[pri:0, instance:ToolsQA.FrameWorkTest.MultiThreadBrowserTest@6a5fc7f7]" name="InitTest" is-config="true" duration-ms="369" started-at="2016-09-21T00:23:25Z" finished-at="2016-09-21T00:23:25Z">
        </test-method> <!-- InitTest -->
        <test-method status="FAIL" signature="SetUp(java.lang.reflect.Method)[pri:0, instance:ToolsQA.FrameWorkTest.MultiThreadBrowserTest@6a5fc7f7]" name="SetUp" is-config="true" duration-ms="0" started-at="2016-09-21T00:23:26Z" finished-at="2016-09-21T00:23:26Z">
          <params>
            <param index="0">
              <value>
                <![CDATA[public void ToolsQA.FrameWorkTest.MultiThreadBrowserTest.Test001(int,java.util.Map)]]>
              </value>
            </param>
          </params>
          <exception class="java.lang.NullPointerException">
            <full-stacktrace>
              <![CDATA[java.lang.NullPointerException
	at lib.Web.getDriver(Web.java:63)
	at ToolsQA.FrameWorkTest.MultiThreadBrowserTest.SetUp(MultiThreadBrowserTest.java:40)
	at sun.reflect.NativeMethodAccessorImpl.invoke0(Native Method)
	at sun.reflect.NativeMethodAccessorImpl.invoke(NativeMethodAccessorImpl.java:62)
	at sun.reflect.DelegatingMethodAccessorImpl.invoke(DelegatingMethodAccessorImpl.java:43)
	at java.lang.reflect.Method.invoke(Method.java:498)
	at org.testng.internal.MethodInvocationHelper.invokeMethod(MethodInvocationHelper.java:80)
	at org.testng.internal.Invoker.invokeConfigurationMethod(Invoker.java:551)
	at org.testng.internal.Invoker.invokeConfigurations(Invoker.java:213)
	at org.testng.internal.Invoker.invokeMethod(Invoker.java:640)
	at org.testng.internal.Invoker.invokeTestMethod(Invoker.java:894)
	at org.testng.internal.TestMethodWithDataProviderMethodWorker.call(TestMethodWithDataProviderMethodWorker.java:73)
	at org.testng.internal.TestMethodWithDataProviderMethodWorker.call(TestMethodWithDataProviderMethodWorker.java:14)
	at java.util.concurrent.FutureTask.run(FutureTask.java:266)
	at java.util.concurrent.ThreadPoolExecutor.runWorker(ThreadPoolExecutor.java:1142)
	at java.util.concurrent.ThreadPoolExecutor$Worker.run(ThreadPoolExecutor.java:617)
	at java.lang.Thread.run(Thread.java:745)
]]>
            </full-stacktrace>
          </exception> <!-- java.lang.NullPointerException -->
        </test-method> <!-- SetUp -->
        <test-method status="PASS" signature="SetUp(java.lang.reflect.Method)[pri:0, instance:ToolsQA.FrameWorkTest.MultiThreadBrowserTest@6a5fc7f7]" name="SetUp" is-config="true" duration-ms="17793" started-at="2016-09-21T00:23:26Z" finished-at="2016-09-21T00:23:44Z">
          <params>
            <param index="0">
              <value>
                <![CDATA[public void ToolsQA.FrameWorkTest.MultiThreadBrowserTest.Test001(int,java.util.Map)]]>
              </value>
            </param>
          </params>
        </test-method> <!-- SetUp -->
        <test-method status="PASS" signature="SetUp(java.lang.reflect.Method)[pri:0, instance:ToolsQA.FrameWorkTest.MultiThreadBrowserTest@6a5fc7f7]" name="SetUp" is-config="true" duration-ms="9198" started-at="2016-09-21T00:23:26Z" finished-at="2016-09-21T00:23:35Z">
          <params>
            <param index="0">
              <value>
                <![CDATA[public void ToolsQA.FrameWorkTest.MultiThreadBrowserTest.Test001(int,java.util.Map)]]>
              </value>
            </param>
          </params>
        </test-method> <!-- SetUp -->
        <test-method status="FAIL" signature="Test001(int, java.util.Map)[pri:0, instance:ToolsQA.FrameWorkTest.MultiThreadBrowserTest@6a5fc7f7]" name="Test001" duration-ms="120041" started-at="2016-09-21T00:23:35Z" data-provider="setData" finished-at="2016-09-21T00:25:35Z">
          <params>
            <param index="0">
              <value>
                <![CDATA[3]]>
              </value>
            </param>
            <param index="1">
              <value>
                <![CDATA[{EMPLOYEEPAGEBREADCRUM=Employees,Search Employee, SEARCHSSN=999009999, PASSWORD=test1234, DEFAULTPLANNAME=341999-01, SUMMARYPAGEBREADCRUM=Plan,Overview,Summary, USERNAME=xxxxxx, URL=http://toolsqa.com}]]>
              </value>
            </param>
          </params>
          <exception class="org.openqa.selenium.WebDriverException">
            <message>
              <![CDATA[Failed to decode response from marionette (WARNING: The server did not provide any stacktrace information)
Command duration or timeout: 640 milliseconds
Build info: version: 'unknown', revision: 'c7b525d', time: '2016-09-01 14:57:44 -0700'
System info: host: 'Ninja', ip: '192.168.1.3', os.name: 'Windows 10', os.arch: 'amd64', os.version: '10.0', java.version: '1.8.0_77'
Driver info: org.openqa.selenium.firefox.FirefoxDriver
Capabilities [{rotatable=false, raisesAccessibilityExceptions=false, appBuildId=20160623154057, version=, platform=XP, proxy={}, command_id=1, specificationLevel=0, acceptSslCerts=false, browserVersion=47.0.1, platformVersion=10.0, XULappId={ec8030f7-c20a-464f-9b0e-13a3a9e97384}, browserName=Firefox, takesScreenshot=true, takesElementScreenshot=true, platformName=Windows_NT, device=desktop}]
Session ID: 033ded7f-a717-4a59-add0-0deac4017502]]>
            </message>
            <full-stacktrace>
              <![CDATA[org.openqa.selenium.WebDriverException: Failed to decode response from marionette (WARNING: The server did not provide any stacktrace information)
Command duration or timeout: 640 milliseconds
Build info: version: 'unknown', revision: 'c7b525d', time: '2016-09-01 14:57:44 -0700'
System info: host: 'Ninja', ip: '192.168.1.3', os.name: 'Windows 10', os.arch: 'amd64', os.version: '10.0', java.version: '1.8.0_77'
Driver info: org.openqa.selenium.firefox.FirefoxDriver
Capabilities [{rotatable=false, raisesAccessibilityExceptions=false, appBuildId=20160623154057, version=, platform=XP, proxy={}, command_id=1, specificationLevel=0, acceptSslCerts=false, browserVersion=47.0.1, platformVersion=10.0, XULappId={ec8030f7-c20a-464f-9b0e-13a3a9e97384}, browserName=Firefox, takesScreenshot=true, takesElementScreenshot=true, platformName=Windows_NT, device=desktop}]
Session ID: 033ded7f-a717-4a59-add0-0deac4017502
	at sun.reflect.NativeConstructorAccessorImpl.newInstance0(Native Method)
	at sun.reflect.NativeConstructorAccessorImpl.newInstance(NativeConstructorAccessorImpl.java:62)
	at sun.reflect.DelegatingConstructorAccessorImpl.newInstance(DelegatingConstructorAccessorImpl.java:45)
	at java.lang.reflect.Constructor.newInstance(Constructor.java:423)
	at org.openqa.selenium.remote.ErrorHandler.createThrowable(ErrorHandler.java:206)
	at org.openqa.selenium.remote.ErrorHandler.throwIfResponseFailed(ErrorHandler.java:158)
	at org.openqa.selenium.remote.RemoteWebDriver.execute(RemoteWebDriver.java:631)
	at org.openqa.selenium.remote.RemoteWebDriver.execute(RemoteWebDriver.java:654)
	at org.openqa.selenium.remote.RemoteWebDriver$RemoteNavigation.refresh(RemoteWebDriver.java:906)
	at ToolsQA.FrameWorkTest.MultiThreadBrowserTest.Test001(MultiThreadBrowserTest.java:69)
	at sun.reflect.NativeMethodAccessorImpl.invoke0(Native Method)
	at sun.reflect.NativeMethodAccessorImpl.invoke(NativeMethodAccessorImpl.java:62)
	at sun.reflect.DelegatingMethodAccessorImpl.invoke(DelegatingMethodAccessorImpl.java:43)
	at java.lang.reflect.Method.invoke(Method.java:498)
	at org.testng.internal.MethodInvocationHelper.invokeMethod(MethodInvocationHelper.java:80)
	at org.testng.internal.Invoker.invokeMethod(Invoker.java:702)
	at org.testng.internal.Invoker.invokeTestMethod(Invoker.java:894)
	at org.testng.internal.TestMethodWithDataProviderMethodWorker.call(TestMethodWithDataProviderMethodWorker.java:73)
	at org.testng.internal.TestMethodWithDataProviderMethodWorker.call(TestMethodWithDataProviderMethodWorker.java:14)
	at java.util.concurrent.FutureTask.run(FutureTask.java:266)
	at java.util.concurrent.ThreadPoolExecutor.runWorker(ThreadPoolExecutor.java:1142)
	at java.util.concurrent.ThreadPoolExecutor$Worker.run(ThreadPoolExecutor.java:617)
	at java.lang.Thread.run(Thread.java:745)
]]>
            </full-stacktrace>
          </exception> <!-- org.openqa.selenium.WebDriverException -->
        </test-method> <!-- Test001 -->
        <test-method status="SKIP" signature="Test001(int, java.util.Map)[pri:0, instance:ToolsQA.FrameWorkTest.MultiThreadBrowserTest@6a5fc7f7]" name="Test001" duration-ms="0" started-at="2016-09-21T00:23:35Z" data-provider="setData" finished-at="2016-09-21T00:23:35Z">
          <params>
            <param index="0">
              <value>
                <![CDATA[1]]>
              </value>
            </param>
            <param index="1">
              <value>
                <![CDATA[{EMPLOYEEPAGEBREADCRUM=Employees,Search Employee, SEARCHSSN=999009999, PASSWORD=test1234, DEFAULTPLANNAME=341999-01, SUMMARYPAGEBREADCRUM=Plan,Overview,Summary, USERNAME=xxxxxx, URL=http://yahoo.com}]]>
              </value>
            </param>
          </params>
        </test-method> <!-- Test001 -->
        <test-method status="SKIP" signature="Test001(int, java.util.Map)[pri:0, instance:ToolsQA.FrameWorkTest.MultiThreadBrowserTest@6a5fc7f7]" name="Test001" duration-ms="1" started-at="2016-09-21T00:23:44Z" data-provider="setData" finished-at="2016-09-21T00:23:44Z">
          <params>
            <param index="0">
              <value>
                <![CDATA[2]]>
              </value>
            </param>
            <param index="1">
              <value>
                <![CDATA[{EMPLOYEEPAGEBREADCRUM=Employees,Search Employee, SEARCHSSN=999009999, PASSWORD=test1234, DEFAULTPLANNAME=341999-01, SUMMARYPAGEBREADCRUM=Plan,Overview,Summary, USERNAME=xxxxxx, URL=http://google.com}]]>
              </value>
            </param>
          </params>
        </test-method> <!-- Test001 -->
      </class> <!-- ToolsQA.FrameWorkTest.MultiThreadBrowserTest -->
    </test> <!-- MultipleBrowserTest -->
  </suite> <!-- testsuite -->
</testng-results>
